[1 IN] edu.usfca.cs.dfs.Controller.onMessage onMessage: Recieved join request from orion02.cs.usfca.edu 
[2 IN] edu.usfca.cs.dfs.Controller$HeartBeatChecker.run run: Detected failure on node: orion02.cs.usfca.edu 
[1 IN] edu.usfca.cs.dfs.Controller.onMessage onMessage: Recieved join request from orion02.cs.usfca.edu 
[2 IN] edu.usfca.cs.dfs.Controller.onMessage onMessage: Recieved join request from orion03.cs.usfca.edu 
[3 IN] edu.usfca.cs.dfs.Controller$HeartBeatChecker.run run: Detected failure on node: orion02.cs.usfca.edu 
[4 IN] edu.usfca.cs.dfs.Controller$HeartBeatChecker.run run: Detected failure on node: orion03.cs.usfca.edu 
[5 IN] edu.usfca.cs.dfs.Controller.onMessage onMessage: Recieved join request from orion02.cs.usfca.edu 
[6 IN] edu.usfca.cs.dfs.Controller.onMessage onMessage: Recieved join request from orion03.cs.usfca.edu 
[7 IN] edu.usfca.cs.dfs.Controller.onMessage onMessage: Recieved join request from orion04.cs.usfca.edu 
[8 IN] edu.usfca.cs.dfs.Controller$HeartBeatChecker.run run: Detected failure on node: orion02.cs.usfca.edu 
[1 IN] edu.usfca.cs.dfs.Controller.onMessage onMessage: Recieved join request from orion02.cs.usfca.edu 
[2 IN] edu.usfca.cs.dfs.Controller.onMessage onMessage: Recieved join request from orion03.cs.usfca.edu 
[3 IN] edu.usfca.cs.dfs.Controller.onMessage onMessage: Recieved join request from orion04.cs.usfca.edu 
[4 IN] edu.usfca.cs.dfs.Controller$HeartBeatChecker.run run: Detected failure on node: orion02.cs.usfca.edu 
[5 IN] edu.usfca.cs.dfs.Controller.onMessage onMessage: got replica request from orion02.cs.usfca.edu 
[6 IN] edu.usfca.cs.dfs.Controller.onMessage onMessage: got replica request from orion03.cs.usfca.edu 
[7 IN] edu.usfca.cs.dfs.Controller.onMessage onMessage: got replica request from orion04.cs.usfca.edu 
[1 IN] edu.usfca.cs.dfs.Controller.onMessage onMessage: Recieved join request from orion02.cs.usfca.edu 
[2 IN] edu.usfca.cs.dfs.Controller.onMessage onMessage: Recieved join request from orion03.cs.usfca.edu 
[3 IN] edu.usfca.cs.dfs.Controller.onMessage onMessage: Recieved join request from orion04.cs.usfca.edu 
[4 IN] edu.usfca.cs.dfs.Controller$HeartBeatChecker.run run: Detected failure on node: orion02.cs.usfca.edu 
[5 IN] edu.usfca.cs.dfs.Controller.onMessage onMessage: got replica request from orion02.cs.usfca.edu 
[6 IN] edu.usfca.cs.dfs.Controller.onMessage onMessage: got replica request from orion03.cs.usfca.edu 
[7 IN] edu.usfca.cs.dfs.Controller.onMessage onMessage: Recieved heartbeat from orion03.cs.usfca.edu 
[8 IN] edu.usfca.cs.dfs.Controller.onMessage onMessage: got replica request from orion04.cs.usfca.edu 
[9 IN] edu.usfca.cs.dfs.Controller.onMessage onMessage: Recieved heartbeat from orion04.cs.usfca.edu 
[10 IN] edu.usfca.cs.dfs.Controller.onMessage onMessage: Recieved heartbeat from orion03.cs.usfca.edu 
[11 IN] edu.usfca.cs.dfs.Controller.onMessage onMessage: Recieved heartbeat from orion04.cs.usfca.edu 
[12 IN] edu.usfca.cs.dfs.Controller.onMessage onMessage: Recieved heartbeat from orion03.cs.usfca.edu 
[13 IN] edu.usfca.cs.dfs.Controller.onMessage onMessage: Recieved heartbeat from orion04.cs.usfca.edu 
[1 IN] edu.usfca.cs.dfs.Controller.onMessage onMessage: Recieved join request from orion02.cs.usfca.edu 
[2 IN] edu.usfca.cs.dfs.Controller.onMessage onMessage: Recieved join request from orion03.cs.usfca.edu 
[3 IN] edu.usfca.cs.dfs.Controller.onMessage onMessage: Recieved join request from orion04.cs.usfca.edu 
[4 IN] edu.usfca.cs.dfs.Controller$HeartBeatChecker.run run: Detected failure on node: orion02.cs.usfca.edu 
[1 IN] edu.usfca.cs.dfs.Controller.onMessage onMessage: Recieved join request from orion02.cs.usfca.edu 
[2 IN] edu.usfca.cs.dfs.Controller.onMessage onMessage: Recieved join request from orion03.cs.usfca.edu 
[3 IN] edu.usfca.cs.dfs.Controller.onMessage onMessage: Recieved heartbeat from orion03.cs.usfca.edu 
[4 IN] edu.usfca.cs.dfs.Controller.onMessage onMessage: Recieved join request from orion04.cs.usfca.edu 
[5 IN] edu.usfca.cs.dfs.Controller.onMessage onMessage: Recieved heartbeat from orion04.cs.usfca.edu 
[6 IN] edu.usfca.cs.dfs.Controller.onMessage onMessage: Recieved heartbeat from orion02.cs.usfca.edu 
[7 IN] edu.usfca.cs.dfs.Controller.onMessage onMessage: Recieved heartbeat from orion03.cs.usfca.edu 
[8 IN] edu.usfca.cs.dfs.Controller.onMessage onMessage: Recieved heartbeat from orion04.cs.usfca.edu 
[9 IN] edu.usfca.cs.dfs.Controller.onMessage onMessage: Recieved heartbeat from orion02.cs.usfca.edu 
[1 IN] edu.usfca.cs.dfs.Controller.onMessage onMessage: Recieved join request from orion02.cs.usfca.edu 
[2 IN] edu.usfca.cs.dfs.Controller.onMessage onMessage: Recieved join request from orion02.cs.usfca.edu 
[3 IN] edu.usfca.cs.dfs.Controller$HeartBeatChecker.run run: Detected failure on node: orion02.cs.usfca.edu 
[4 IN] edu.usfca.cs.dfs.Controller$HeartBeatChecker.run run: Detected failure on node: orion02.cs.usfca.edu 
[1 IN] edu.usfca.cs.dfs.Controller.onMessage onMessage: Recieved join request from orion02.cs.usfca.edu 
[2 IN] edu.usfca.cs.dfs.Controller.onMessage onMessage: Recieved join request from orion03.cs.usfca.edu 
[3 IN] edu.usfca.cs.dfs.Controller.onMessage onMessage: Recieved heartbeat from orion03.cs.usfca.edu 
[4 IN] edu.usfca.cs.dfs.Controller.onMessage onMessage: Recieved join request from orion04.cs.usfca.edu 
[5 IN] edu.usfca.cs.dfs.Controller.onMessage onMessage: Recieved heartbeat from orion04.cs.usfca.edu 
[6 IN] edu.usfca.cs.dfs.Controller.onMessage onMessage: Recieved heartbeat from orion02.cs.usfca.edu 
[7 IN] edu.usfca.cs.dfs.Controller.onMessage onMessage: Recieved heartbeat from orion03.cs.usfca.edu 
[8 IN] edu.usfca.cs.dfs.Controller.onMessage onMessage: Recieved heartbeat from orion04.cs.usfca.edu 
[9 IN] edu.usfca.cs.dfs.Controller.onMessage onMessage: Recieved heartbeat from orion03.cs.usfca.edu 
[10 IN] edu.usfca.cs.dfs.Controller.onMessage onMessage: Recieved heartbeat from orion04.cs.usfca.edu 
[11 IN] edu.usfca.cs.dfs.Controller$HeartBeatChecker.run run: Detected failure on node: orion02.cs.usfca.edu 
[12 IN] edu.usfca.cs.dfs.Controller.onMessage onMessage: Recieved heartbeat from orion04.cs.usfca.edu 
[1 IN] edu.usfca.cs.dfs.Controller.onMessage onMessage: Recieved join request from orion02.cs.usfca.edu 
[2 IN] edu.usfca.cs.dfs.Controller.onMessage onMessage: Recieved join request from orion03.cs.usfca.edu 
[3 IN] edu.usfca.cs.dfs.Controller.onMessage onMessage: Recieved heartbeat from orion03.cs.usfca.edu 
[4 IN] edu.usfca.cs.dfs.Controller.onMessage onMessage: Recieved join request from orion04.cs.usfca.edu 
[5 IN] edu.usfca.cs.dfs.Controller.onMessage onMessage: Recieved heartbeat from orion04.cs.usfca.edu 
[6 IN] edu.usfca.cs.dfs.Controller.onMessage onMessage: Recieved heartbeat from orion02.cs.usfca.edu 
[7 IN] edu.usfca.cs.dfs.Controller.onMessage onMessage: Recieved heartbeat from orion03.cs.usfca.edu 
[8 IN] edu.usfca.cs.dfs.Controller.onMessage onMessage: Recieved heartbeat from orion04.cs.usfca.edu 
[9 IN] edu.usfca.cs.dfs.Controller.onMessage onMessage: Recieved heartbeat from orion02.cs.usfca.edu 
[10 IN] edu.usfca.cs.dfs.Controller.onMessage onMessage: Recieved heartbeat from orion03.cs.usfca.edu 
[11 IN] edu.usfca.cs.dfs.Controller.onMessage onMessage: Recieved heartbeat from orion04.cs.usfca.edu 
[12 IN] edu.usfca.cs.dfs.Controller.onMessage onMessage: Recieved heartbeat from orion02.cs.usfca.edu 
[13 IN] edu.usfca.cs.dfs.Controller.onMessage onMessage: Recieved heartbeat from orion03.cs.usfca.edu 
[14 IN] edu.usfca.cs.dfs.Controller.onMessage onMessage: Recieved heartbeat from orion04.cs.usfca.edu 
[15 IN] edu.usfca.cs.dfs.Controller.onMessage onMessage: Recieved heartbeat from orion02.cs.usfca.edu 
[16 IN] edu.usfca.cs.dfs.Controller.onMessage onMessage: Recieved heartbeat from orion03.cs.usfca.edu 
[17 IN] edu.usfca.cs.dfs.Controller.onMessage onMessage: Recieved heartbeat from orion04.cs.usfca.edu 
[18 IN] edu.usfca.cs.dfs.Controller.onMessage onMessage: Recieved heartbeat from orion02.cs.usfca.edu 
[19 IN] edu.usfca.cs.dfs.Controller.onMessage onMessage: Recieved heartbeat from orion03.cs.usfca.edu 
[20 IN] edu.usfca.cs.dfs.Controller.onMessage onMessage: Recieved heartbeat from orion04.cs.usfca.edu 
[21 IN] edu.usfca.cs.dfs.Controller.onMessage onMessage: Recieved heartbeat from orion02.cs.usfca.edu 
[22 IN] edu.usfca.cs.dfs.Controller.onMessage onMessage: Recieved heartbeat from orion03.cs.usfca.edu 
[23 IN] edu.usfca.cs.dfs.Controller.onMessage onMessage: Recieved heartbeat from orion04.cs.usfca.edu 
[24 IN] edu.usfca.cs.dfs.Controller.onMessage onMessage: Recieved heartbeat from orion02.cs.usfca.edu 
[25 IN] edu.usfca.cs.dfs.Controller.onMessage onMessage: Recieved heartbeat from orion03.cs.usfca.edu 
[26 IN] edu.usfca.cs.dfs.Controller.onMessage onMessage: Recieved heartbeat from orion04.cs.usfca.edu 
[27 IN] edu.usfca.cs.dfs.Controller.onMessage onMessage: Recieved heartbeat from orion02.cs.usfca.edu 
[28 IN] edu.usfca.cs.dfs.Controller.onMessage onMessage: Recieved heartbeat from orion03.cs.usfca.edu 
[29 IN] edu.usfca.cs.dfs.Controller.onMessage onMessage: Recieved heartbeat from orion04.cs.usfca.edu 
[30 IN] edu.usfca.cs.dfs.Controller.onMessage onMessage: Recieved heartbeat from orion02.cs.usfca.edu 
[31 IN] edu.usfca.cs.dfs.Controller.onMessage onMessage: Recieved heartbeat from orion03.cs.usfca.edu 
[32 IN] edu.usfca.cs.dfs.Controller.onMessage onMessage: Recieved heartbeat from orion04.cs.usfca.edu 
[33 IN] edu.usfca.cs.dfs.Controller.onMessage onMessage: Recieved heartbeat from orion02.cs.usfca.edu 
[34 IN] edu.usfca.cs.dfs.Controller.onMessage onMessage: Recieved heartbeat from orion03.cs.usfca.edu 
[35 IN] edu.usfca.cs.dfs.Controller.onMessage onMessage: Recieved heartbeat from orion04.cs.usfca.edu 
[36 IN] edu.usfca.cs.dfs.Controller.onMessage onMessage: Recieved heartbeat from orion02.cs.usfca.edu 
[37 IN] edu.usfca.cs.dfs.Controller.onMessage onMessage: Recieved heartbeat from orion03.cs.usfca.edu 
[38 IN] edu.usfca.cs.dfs.Controller.onMessage onMessage: Recieved heartbeat from orion04.cs.usfca.edu 
[39 IN] edu.usfca.cs.dfs.Controller.onMessage onMessage: Recieved heartbeat from orion02.cs.usfca.edu 
[40 IN] edu.usfca.cs.dfs.Controller.onMessage onMessage: Recieved heartbeat from orion03.cs.usfca.edu 
[41 IN] edu.usfca.cs.dfs.Controller.onMessage onMessage: Recieved heartbeat from orion04.cs.usfca.edu 
[42 IN] edu.usfca.cs.dfs.Controller.onMessage onMessage: Recieved heartbeat from orion02.cs.usfca.edu 
[43 IN] edu.usfca.cs.dfs.Controller.onMessage onMessage: Recieved heartbeat from orion03.cs.usfca.edu 
[44 IN] edu.usfca.cs.dfs.Controller.onMessage onMessage: Recieved heartbeat from orion04.cs.usfca.edu 
[45 IN] edu.usfca.cs.dfs.Controller.onMessage onMessage: Recieved heartbeat from orion02.cs.usfca.edu 
[46 IN] edu.usfca.cs.dfs.Controller.onMessage onMessage: Recieved heartbeat from orion03.cs.usfca.edu 
[47 IN] edu.usfca.cs.dfs.Controller.onMessage onMessage: Recieved heartbeat from orion04.cs.usfca.edu 
[48 IN] edu.usfca.cs.dfs.Controller.onMessage onMessage: Recieved heartbeat from orion02.cs.usfca.edu 
[49 IN] edu.usfca.cs.dfs.Controller.onMessage onMessage: Recieved heartbeat from orion03.cs.usfca.edu 
[50 IN] edu.usfca.cs.dfs.Controller.onMessage onMessage: Recieved heartbeat from orion04.cs.usfca.edu 
[51 IN] edu.usfca.cs.dfs.Controller.onMessage onMessage: Recieved heartbeat from orion02.cs.usfca.edu 
[52 IN] edu.usfca.cs.dfs.Controller.onMessage onMessage: Recieved heartbeat from orion03.cs.usfca.edu 
[53 IN] edu.usfca.cs.dfs.Controller.onMessage onMessage: Recieved heartbeat from orion04.cs.usfca.edu 
[54 IN] edu.usfca.cs.dfs.Controller.onMessage onMessage: Recieved heartbeat from orion02.cs.usfca.edu 
[55 IN] edu.usfca.cs.dfs.Controller.onMessage onMessage: Recieved heartbeat from orion03.cs.usfca.edu 
[56 IN] edu.usfca.cs.dfs.Controller.onMessage onMessage: Recieved heartbeat from orion04.cs.usfca.edu 
[57 IN] edu.usfca.cs.dfs.Controller.onMessage onMessage: Recieved heartbeat from orion02.cs.usfca.edu 
[58 IN] edu.usfca.cs.dfs.Controller.onMessage onMessage: Recieved heartbeat from orion03.cs.usfca.edu 
[59 IN] edu.usfca.cs.dfs.Controller.onMessage onMessage: Recieved heartbeat from orion04.cs.usfca.edu 
[60 IN] edu.usfca.cs.dfs.Controller.onMessage onMessage: Recieved heartbeat from orion02.cs.usfca.edu 
[61 IN] edu.usfca.cs.dfs.Controller.onMessage onMessage: Recieved heartbeat from orion03.cs.usfca.edu 
[62 IN] edu.usfca.cs.dfs.Controller.onMessage onMessage: Recieved heartbeat from orion04.cs.usfca.edu 
[63 IN] edu.usfca.cs.dfs.Controller.onMessage onMessage: Recieved heartbeat from orion02.cs.usfca.edu 
[64 IN] edu.usfca.cs.dfs.Controller.onMessage onMessage: Recieved heartbeat from orion03.cs.usfca.edu 
[65 IN] edu.usfca.cs.dfs.Controller.onMessage onMessage: Recieved heartbeat from orion04.cs.usfca.edu 
[66 IN] edu.usfca.cs.dfs.Controller.onMessage onMessage: Recieved heartbeat from orion02.cs.usfca.edu 
[67 IN] edu.usfca.cs.dfs.Controller.onMessage onMessage: Recieved heartbeat from orion03.cs.usfca.edu 
[68 IN] edu.usfca.cs.dfs.Controller.onMessage onMessage: Recieved heartbeat from orion04.cs.usfca.edu 
[1 IN] edu.usfca.cs.dfs.Controller.onMessage onMessage: Recieved join request from orion03.cs.usfca.edu 
[2 IN] edu.usfca.cs.dfs.Controller.onMessage onMessage: Recieved heartbeat from orion03.cs.usfca.edu 
[3 IN] edu.usfca.cs.dfs.Controller.onMessage onMessage: Recieved heartbeat from orion03.cs.usfca.edu 
[4 IN] edu.usfca.cs.dfs.Controller.onMessage onMessage: Recieved heartbeat from orion03.cs.usfca.edu 
[5 IN] edu.usfca.cs.dfs.Controller.onMessage onMessage: Recieved heartbeat from orion03.cs.usfca.edu 
[6 IN] edu.usfca.cs.dfs.Controller.onMessage onMessage: Recieved join request from orion04.cs.usfca.edu 
[7 IN] edu.usfca.cs.dfs.Controller.onMessage onMessage: Recieved heartbeat from orion04.cs.usfca.edu 
[8 IN] edu.usfca.cs.dfs.Controller.onMessage onMessage: Recieved heartbeat from orion03.cs.usfca.edu 
[9 IN] edu.usfca.cs.dfs.Controller.onMessage onMessage: Recieved heartbeat from orion04.cs.usfca.edu 
[10 IN] edu.usfca.cs.dfs.Controller.onMessage onMessage: Recieved heartbeat from orion03.cs.usfca.edu 
[11 IN] edu.usfca.cs.dfs.Controller.onMessage onMessage: Recieved heartbeat from orion04.cs.usfca.edu 
[12 IN] edu.usfca.cs.dfs.Controller.onMessage onMessage: Recieved heartbeat from orion03.cs.usfca.edu 
[13 IN] edu.usfca.cs.dfs.Controller.onMessage onMessage: Recieved heartbeat from orion04.cs.usfca.edu 
[14 IN] edu.usfca.cs.dfs.Controller.onMessage onMessage: Recieved heartbeat from orion03.cs.usfca.edu 
[15 IN] edu.usfca.cs.dfs.Controller.onMessage onMessage: Recieved heartbeat from orion04.cs.usfca.edu 
[16 IN] edu.usfca.cs.dfs.Controller.onMessage onMessage: Recieved heartbeat from orion03.cs.usfca.edu 
[17 IN] edu.usfca.cs.dfs.Controller.onMessage onMessage: Recieved heartbeat from orion04.cs.usfca.edu 
[18 IN] edu.usfca.cs.dfs.Controller.onMessage onMessage: Recieved join request from orion02.cs.usfca.edu 
[19 IN] edu.usfca.cs.dfs.Controller.onMessage onMessage: Recieved heartbeat from orion02.cs.usfca.edu 
[20 IN] edu.usfca.cs.dfs.Controller.onMessage onMessage: Recieved heartbeat from orion03.cs.usfca.edu 
[21 IN] edu.usfca.cs.dfs.Controller.onMessage onMessage: Recieved heartbeat from orion04.cs.usfca.edu 
[22 IN] edu.usfca.cs.dfs.Controller.onMessage onMessage: Recieved heartbeat from orion02.cs.usfca.edu 
[23 IN] edu.usfca.cs.dfs.Controller.onMessage onMessage: Recieved heartbeat from orion03.cs.usfca.edu 
[24 IN] edu.usfca.cs.dfs.Controller.onMessage onMessage: Recieved heartbeat from orion04.cs.usfca.edu 
[25 IN] edu.usfca.cs.dfs.Controller.onMessage onMessage: Recieved heartbeat from orion02.cs.usfca.edu 
[26 IN] edu.usfca.cs.dfs.Controller.onMessage onMessage: Recieved heartbeat from orion03.cs.usfca.edu 
[27 IN] edu.usfca.cs.dfs.Controller.onMessage onMessage: Recieved heartbeat from orion04.cs.usfca.edu 
[28 IN] edu.usfca.cs.dfs.Controller.onMessage onMessage: Recieved heartbeat from orion02.cs.usfca.edu 
[29 IN] edu.usfca.cs.dfs.Controller.onMessage onMessage: Recieved heartbeat from orion03.cs.usfca.edu 
[30 IN] edu.usfca.cs.dfs.Controller.onMessage onMessage: Recieved heartbeat from orion04.cs.usfca.edu 
[31 IN] edu.usfca.cs.dfs.Controller.onMessage onMessage: Recieved heartbeat from orion02.cs.usfca.edu 
[32 IN] edu.usfca.cs.dfs.Controller.onMessage onMessage: Recieved heartbeat from orion03.cs.usfca.edu 
[33 IN] edu.usfca.cs.dfs.Controller.onMessage onMessage: Recieved heartbeat from orion04.cs.usfca.edu 
[34 IN] edu.usfca.cs.dfs.Controller.onMessage onMessage: Recieved heartbeat from orion02.cs.usfca.edu 
[35 IN] edu.usfca.cs.dfs.Controller.onMessage onMessage: Recieved heartbeat from orion03.cs.usfca.edu 
[36 IN] edu.usfca.cs.dfs.Controller.onMessage onMessage: Recieved heartbeat from orion04.cs.usfca.edu 
[37 IN] edu.usfca.cs.dfs.Controller.onMessage onMessage: Recieved heartbeat from orion02.cs.usfca.edu 
[38 IN] edu.usfca.cs.dfs.Controller.onMessage onMessage: Recieved heartbeat from orion03.cs.usfca.edu 
[39 IN] edu.usfca.cs.dfs.Controller.onMessage onMessage: Recieved heartbeat from orion04.cs.usfca.edu 
[40 IN] edu.usfca.cs.dfs.Controller.onMessage onMessage: Recieved heartbeat from orion02.cs.usfca.edu 
[41 IN] edu.usfca.cs.dfs.Controller.onMessage onMessage: Recieved heartbeat from orion03.cs.usfca.edu 
[42 IN] edu.usfca.cs.dfs.Controller.onMessage onMessage: Recieved heartbeat from orion04.cs.usfca.edu 
[43 IN] edu.usfca.cs.dfs.Controller.onMessage onMessage: Recieved heartbeat from orion02.cs.usfca.edu 
[44 IN] edu.usfca.cs.dfs.Controller.onMessage onMessage: Recieved heartbeat from orion03.cs.usfca.edu 
[45 IN] edu.usfca.cs.dfs.Controller.onMessage onMessage: Recieved heartbeat from orion04.cs.usfca.edu 
[46 IN] edu.usfca.cs.dfs.Controller.onMessage onMessage: Recieved heartbeat from orion02.cs.usfca.edu 
[47 IN] edu.usfca.cs.dfs.Controller.onMessage onMessage: Recieved heartbeat from orion03.cs.usfca.edu 
[48 IN] edu.usfca.cs.dfs.Controller.onMessage onMessage: Recieved heartbeat from orion04.cs.usfca.edu 
[49 IN] edu.usfca.cs.dfs.Controller.onMessage onMessage: Recieved heartbeat from orion02.cs.usfca.edu 
[50 IN] edu.usfca.cs.dfs.Controller.onMessage onMessage: Recieved heartbeat from orion03.cs.usfca.edu 
[51 IN] edu.usfca.cs.dfs.Controller.onMessage onMessage: Recieved heartbeat from orion04.cs.usfca.edu 
[52 IN] edu.usfca.cs.dfs.Controller.onMessage onMessage: Recieved heartbeat from orion02.cs.usfca.edu 
[53 IN] edu.usfca.cs.dfs.Controller.onMessage onMessage: Recieved heartbeat from orion03.cs.usfca.edu 
[54 IN] edu.usfca.cs.dfs.Controller.onMessage onMessage: Recieved heartbeat from orion04.cs.usfca.edu 
[55 IN] edu.usfca.cs.dfs.Controller.onMessage onMessage: Recieved heartbeat from orion02.cs.usfca.edu 
[56 IN] edu.usfca.cs.dfs.Controller.onMessage onMessage: Recieved heartbeat from orion03.cs.usfca.edu 
[57 IN] edu.usfca.cs.dfs.Controller.onMessage onMessage: Recieved heartbeat from orion04.cs.usfca.edu 
[58 IN] edu.usfca.cs.dfs.Controller.onMessage onMessage: Recieved heartbeat from orion02.cs.usfca.edu 
[59 IN] edu.usfca.cs.dfs.Controller.onMessage onMessage: Recieved heartbeat from orion03.cs.usfca.edu 
[60 IN] edu.usfca.cs.dfs.Controller.onMessage onMessage: Recieved heartbeat from orion04.cs.usfca.edu 
[61 IN] edu.usfca.cs.dfs.Controller.onMessage onMessage: Recieved request to put file on orion03.cs.usfca.edu from client.This SN has processed 1 requests. 
[62 IN] edu.usfca.cs.dfs.Controller.onMessage onMessage: Replicating to orion02.cs.usfca.edu and orion04.cs.usfca.edu 
[63 IN] edu.usfca.cs.dfs.Controller.onMessage onMessage: Recieved heartbeat from orion02.cs.usfca.edu 
[64 IN] edu.usfca.cs.dfs.Controller.onMessage onMessage: Recieved heartbeat from orion03.cs.usfca.edu 
[65 IN] edu.usfca.cs.dfs.Controller.onMessage onMessage: Recieved heartbeat from orion04.cs.usfca.edu 
[66 IN] edu.usfca.cs.dfs.Controller.onMessage onMessage: Recieved heartbeat from orion02.cs.usfca.edu 
[67 IN] edu.usfca.cs.dfs.Controller.onMessage onMessage: Recieved heartbeat from orion03.cs.usfca.edu 
[68 IN] edu.usfca.cs.dfs.Controller.onMessage onMessage: Recieved heartbeat from orion04.cs.usfca.edu 
[69 IN] edu.usfca.cs.dfs.Controller.onMessage onMessage: Recieved heartbeat from orion02.cs.usfca.edu 
[70 IN] edu.usfca.cs.dfs.Controller.onMessage onMessage: Recieved heartbeat from orion03.cs.usfca.edu 
[71 IN] edu.usfca.cs.dfs.Controller.onMessage onMessage: Recieved heartbeat from orion04.cs.usfca.edu 
[72 IN] edu.usfca.cs.dfs.Controller.onMessage onMessage: Recieved heartbeat from orion02.cs.usfca.edu 
[73 IN] edu.usfca.cs.dfs.Controller.onMessage onMessage: Recieved heartbeat from orion03.cs.usfca.edu 
[74 IN] edu.usfca.cs.dfs.Controller.onMessage onMessage: Recieved heartbeat from orion04.cs.usfca.edu 
[75 IN] edu.usfca.cs.dfs.Controller.onMessage onMessage: Recieved heartbeat from orion02.cs.usfca.edu 
[76 IN] edu.usfca.cs.dfs.Controller.onMessage onMessage: Recieved heartbeat from orion03.cs.usfca.edu 
[77 IN] edu.usfca.cs.dfs.Controller.onMessage onMessage: Recieved heartbeat from orion04.cs.usfca.edu 
[78 IN] edu.usfca.cs.dfs.Controller.onMessage onMessage: Recieved heartbeat from orion02.cs.usfca.edu 
[79 IN] edu.usfca.cs.dfs.Controller.onMessage onMessage: Recieved heartbeat from orion03.cs.usfca.edu 
[80 IN] edu.usfca.cs.dfs.Controller.onMessage onMessage: Recieved heartbeat from orion04.cs.usfca.edu 
[81 IN] edu.usfca.cs.dfs.Controller.onMessage onMessage: Recieved heartbeat from orion02.cs.usfca.edu 
[82 IN] edu.usfca.cs.dfs.Controller.onMessage onMessage: Recieved heartbeat from orion03.cs.usfca.edu 
[83 IN] edu.usfca.cs.dfs.Controller.onMessage onMessage: Recieved heartbeat from orion04.cs.usfca.edu 
[84 IN] edu.usfca.cs.dfs.Controller.onMessage onMessage: Recieved heartbeat from orion02.cs.usfca.edu 
[85 IN] edu.usfca.cs.dfs.Controller.onMessage onMessage: Recieved heartbeat from orion03.cs.usfca.edu 
[86 IN] edu.usfca.cs.dfs.Controller.onMessage onMessage: Recieved heartbeat from orion04.cs.usfca.edu 
[87 IN] edu.usfca.cs.dfs.Controller.onMessage onMessage: Recieved heartbeat from orion02.cs.usfca.edu 
[88 IN] edu.usfca.cs.dfs.Controller.onMessage onMessage: Recieved heartbeat from orion03.cs.usfca.edu 
[89 IN] edu.usfca.cs.dfs.Controller.onMessage onMessage: Recieved heartbeat from orion04.cs.usfca.edu 
[90 IN] edu.usfca.cs.dfs.Controller.onMessage onMessage: Recieved heartbeat from orion02.cs.usfca.edu 
[91 IN] edu.usfca.cs.dfs.Controller.onMessage onMessage: Recieved heartbeat from orion03.cs.usfca.edu 
[92 IN] edu.usfca.cs.dfs.Controller.onMessage onMessage: Recieved heartbeat from orion04.cs.usfca.edu 
[93 IN] edu.usfca.cs.dfs.Controller.onMessage onMessage: Recieved heartbeat from orion02.cs.usfca.edu 
[94 IN] edu.usfca.cs.dfs.Controller.onMessage onMessage: Recieved heartbeat from orion03.cs.usfca.edu 
[95 IN] edu.usfca.cs.dfs.Controller.onMessage onMessage: Recieved heartbeat from orion04.cs.usfca.edu 
[96 IN] edu.usfca.cs.dfs.Controller.onMessage onMessage: Recieved heartbeat from orion02.cs.usfca.edu 
[97 IN] edu.usfca.cs.dfs.Controller.onMessage onMessage: Recieved heartbeat from orion03.cs.usfca.edu 
[98 IN] edu.usfca.cs.dfs.Controller.onMessage onMessage: Recieved heartbeat from orion04.cs.usfca.edu 
[99 IN] edu.usfca.cs.dfs.Controller.onMessage onMessage: Recieved heartbeat from orion02.cs.usfca.edu 
[100 IN] edu.usfca.cs.dfs.Controller.onMessage onMessage: Recieved heartbeat from orion03.cs.usfca.edu 
[101 IN] edu.usfca.cs.dfs.Controller.onMessage onMessage: Recieved heartbeat from orion04.cs.usfca.edu 
[102 IN] edu.usfca.cs.dfs.Controller.onMessage onMessage: Recieved heartbeat from orion02.cs.usfca.edu 
[103 IN] edu.usfca.cs.dfs.Controller.onMessage onMessage: Recieved heartbeat from orion03.cs.usfca.edu 
[104 IN] edu.usfca.cs.dfs.Controller.onMessage onMessage: Recieved heartbeat from orion04.cs.usfca.edu 
[105 IN] edu.usfca.cs.dfs.Controller.onMessage onMessage: Recieved heartbeat from orion02.cs.usfca.edu 
[106 IN] edu.usfca.cs.dfs.Controller.onMessage onMessage: Recieved heartbeat from orion03.cs.usfca.edu 
[107 IN] edu.usfca.cs.dfs.Controller.onMessage onMessage: Recieved heartbeat from orion04.cs.usfca.edu 
[108 IN] edu.usfca.cs.dfs.Controller.onMessage onMessage: Recieved heartbeat from orion02.cs.usfca.edu 
[109 IN] edu.usfca.cs.dfs.Controller.onMessage onMessage: Recieved heartbeat from orion03.cs.usfca.edu 
[110 IN] edu.usfca.cs.dfs.Controller.onMessage onMessage: Recieved heartbeat from orion04.cs.usfca.edu 
[111 IN] edu.usfca.cs.dfs.Controller.onMessage onMessage: Recieved heartbeat from orion02.cs.usfca.edu 
[112 IN] edu.usfca.cs.dfs.Controller.onMessage onMessage: Recieved heartbeat from orion03.cs.usfca.edu 
[113 IN] edu.usfca.cs.dfs.Controller.onMessage onMessage: Recieved heartbeat from orion04.cs.usfca.edu 
[114 IN] edu.usfca.cs.dfs.Controller.onMessage onMessage: Recieved heartbeat from orion02.cs.usfca.edu 
[115 IN] edu.usfca.cs.dfs.Controller.onMessage onMessage: Recieved heartbeat from orion03.cs.usfca.edu 
[116 IN] edu.usfca.cs.dfs.Controller.onMessage onMessage: Recieved heartbeat from orion04.cs.usfca.edu 
[117 IN] edu.usfca.cs.dfs.Controller.onMessage onMessage: Recieved heartbeat from orion02.cs.usfca.edu 
[118 IN] edu.usfca.cs.dfs.Controller.onMessage onMessage: Recieved heartbeat from orion03.cs.usfca.edu 
[119 IN] edu.usfca.cs.dfs.Controller.onMessage onMessage: Recieved heartbeat from orion04.cs.usfca.edu 
[120 IN] edu.usfca.cs.dfs.Controller.onMessage onMessage: Recieved heartbeat from orion02.cs.usfca.edu 
[121 IN] edu.usfca.cs.dfs.Controller.onMessage onMessage: Recieved heartbeat from orion03.cs.usfca.edu 
[122 IN] edu.usfca.cs.dfs.Controller.onMessage onMessage: Recieved heartbeat from orion04.cs.usfca.edu 
[123 IN] edu.usfca.cs.dfs.Controller.onMessage onMessage: Recieved heartbeat from orion02.cs.usfca.edu 
[124 IN] edu.usfca.cs.dfs.Controller.onMessage onMessage: Recieved heartbeat from orion03.cs.usfca.edu 
[125 IN] edu.usfca.cs.dfs.Controller.onMessage onMessage: Recieved heartbeat from orion04.cs.usfca.edu 
[126 IN] edu.usfca.cs.dfs.Controller.onMessage onMessage: Recieved heartbeat from orion02.cs.usfca.edu 
[127 IN] edu.usfca.cs.dfs.Controller.onMessage onMessage: Recieved heartbeat from orion03.cs.usfca.edu 
[128 IN] edu.usfca.cs.dfs.Controller.onMessage onMessage: Recieved heartbeat from orion04.cs.usfca.edu 
[129 IN] edu.usfca.cs.dfs.Controller.onMessage onMessage: Recieved heartbeat from orion02.cs.usfca.edu 
[130 IN] edu.usfca.cs.dfs.Controller.onMessage onMessage: Recieved heartbeat from orion03.cs.usfca.edu 
[131 IN] edu.usfca.cs.dfs.Controller.onMessage onMessage: Recieved heartbeat from orion04.cs.usfca.edu 
[132 IN] edu.usfca.cs.dfs.Controller.onMessage onMessage: Recieved heartbeat from orion02.cs.usfca.edu 
[133 IN] edu.usfca.cs.dfs.Controller.onMessage onMessage: Recieved heartbeat from orion03.cs.usfca.edu 
[134 IN] edu.usfca.cs.dfs.Controller.onMessage onMessage: Recieved heartbeat from orion04.cs.usfca.edu 
[135 IN] edu.usfca.cs.dfs.Controller.onMessage onMessage: Recieved heartbeat from orion02.cs.usfca.edu 
[136 IN] edu.usfca.cs.dfs.Controller.onMessage onMessage: Recieved heartbeat from orion03.cs.usfca.edu 
[137 IN] edu.usfca.cs.dfs.Controller.onMessage onMessage: Recieved heartbeat from orion04.cs.usfca.edu 
[138 IN] edu.usfca.cs.dfs.Controller.onMessage onMessage: Recieved heartbeat from orion02.cs.usfca.edu 
[139 IN] edu.usfca.cs.dfs.Controller.onMessage onMessage: Recieved heartbeat from orion03.cs.usfca.edu 
[140 IN] edu.usfca.cs.dfs.Controller.onMessage onMessage: Recieved heartbeat from orion04.cs.usfca.edu 
[141 IN] edu.usfca.cs.dfs.Controller.onMessage onMessage: Recieved heartbeat from orion02.cs.usfca.edu 
[142 IN] edu.usfca.cs.dfs.Controller.onMessage onMessage: Recieved heartbeat from orion03.cs.usfca.edu 
[143 IN] edu.usfca.cs.dfs.Controller.onMessage onMessage: Recieved heartbeat from orion04.cs.usfca.edu 
[144 IN] edu.usfca.cs.dfs.Controller.onMessage onMessage: Recieved heartbeat from orion02.cs.usfca.edu 
[145 IN] edu.usfca.cs.dfs.Controller.onMessage onMessage: Recieved heartbeat from orion03.cs.usfca.edu 
[146 IN] edu.usfca.cs.dfs.Controller.onMessage onMessage: Recieved heartbeat from orion04.cs.usfca.edu 
[147 IN] edu.usfca.cs.dfs.Controller.onMessage onMessage: Recieved heartbeat from orion02.cs.usfca.edu 
[148 IN] edu.usfca.cs.dfs.Controller.onMessage onMessage: Recieved heartbeat from orion03.cs.usfca.edu 
[149 IN] edu.usfca.cs.dfs.Controller.onMessage onMessage: Recieved heartbeat from orion04.cs.usfca.edu 
[150 IN] edu.usfca.cs.dfs.Controller.onMessage onMessage: Recieved heartbeat from orion02.cs.usfca.edu 
[151 IN] edu.usfca.cs.dfs.Controller.onMessage onMessage: Recieved heartbeat from orion03.cs.usfca.edu 
[152 IN] edu.usfca.cs.dfs.Controller.onMessage onMessage: Recieved heartbeat from orion04.cs.usfca.edu 
[153 IN] edu.usfca.cs.dfs.Controller.onMessage onMessage: Recieved heartbeat from orion02.cs.usfca.edu 
[154 IN] edu.usfca.cs.dfs.Controller.onMessage onMessage: Recieved heartbeat from orion03.cs.usfca.edu 
[155 IN] edu.usfca.cs.dfs.Controller.onMessage onMessage: Recieved heartbeat from orion04.cs.usfca.edu 
[156 IN] edu.usfca.cs.dfs.Controller.onMessage onMessage: Recieved heartbeat from orion02.cs.usfca.edu 
[157 IN] edu.usfca.cs.dfs.Controller.onMessage onMessage: Recieved heartbeat from orion03.cs.usfca.edu 
[158 IN] edu.usfca.cs.dfs.Controller.onMessage onMessage: Recieved heartbeat from orion04.cs.usfca.edu 
[159 IN] edu.usfca.cs.dfs.Controller.onMessage onMessage: Recieved heartbeat from orion02.cs.usfca.edu 
[160 IN] edu.usfca.cs.dfs.Controller.onMessage onMessage: Recieved heartbeat from orion03.cs.usfca.edu 
[161 IN] edu.usfca.cs.dfs.Controller.onMessage onMessage: Recieved heartbeat from orion04.cs.usfca.edu 
[162 IN] edu.usfca.cs.dfs.Controller.onMessage onMessage: Recieved heartbeat from orion02.cs.usfca.edu 
[163 IN] edu.usfca.cs.dfs.Controller.onMessage onMessage: Recieved heartbeat from orion03.cs.usfca.edu 
[164 IN] edu.usfca.cs.dfs.Controller.onMessage onMessage: Recieved heartbeat from orion04.cs.usfca.edu 
[165 IN] edu.usfca.cs.dfs.Controller.onMessage onMessage: Recieved heartbeat from orion02.cs.usfca.edu 
[166 IN] edu.usfca.cs.dfs.Controller.onMessage onMessage: Recieved heartbeat from orion03.cs.usfca.edu 
[167 IN] edu.usfca.cs.dfs.Controller.onMessage onMessage: Recieved heartbeat from orion04.cs.usfca.edu 
[168 IN] edu.usfca.cs.dfs.Controller.onMessage onMessage: Recieved heartbeat from orion02.cs.usfca.edu 
[169 IN] edu.usfca.cs.dfs.Controller.onMessage onMessage: Recieved heartbeat from orion03.cs.usfca.edu 
[170 IN] edu.usfca.cs.dfs.Controller.onMessage onMessage: Recieved heartbeat from orion04.cs.usfca.edu 
[171 IN] edu.usfca.cs.dfs.Controller.onMessage onMessage: Recieved heartbeat from orion02.cs.usfca.edu 
[172 IN] edu.usfca.cs.dfs.Controller.onMessage onMessage: Recieved heartbeat from orion03.cs.usfca.edu 
[173 IN] edu.usfca.cs.dfs.Controller.onMessage onMessage: Recieved heartbeat from orion04.cs.usfca.edu 
[174 IN] edu.usfca.cs.dfs.Controller.onMessage onMessage: Recieved heartbeat from orion02.cs.usfca.edu 
[175 IN] edu.usfca.cs.dfs.Controller.onMessage onMessage: Recieved heartbeat from orion03.cs.usfca.edu 
[176 IN] edu.usfca.cs.dfs.Controller.onMessage onMessage: Recieved heartbeat from orion04.cs.usfca.edu 
[177 IN] edu.usfca.cs.dfs.Controller.onMessage onMessage: Recieved heartbeat from orion02.cs.usfca.edu 
[178 IN] edu.usfca.cs.dfs.Controller.onMessage onMessage: Recieved heartbeat from orion03.cs.usfca.edu 
[179 IN] edu.usfca.cs.dfs.Controller.onMessage onMessage: Recieved heartbeat from orion04.cs.usfca.edu 
[180 IN] edu.usfca.cs.dfs.Controller.onMessage onMessage: Recieved heartbeat from orion02.cs.usfca.edu 
[181 IN] edu.usfca.cs.dfs.Controller.onMessage onMessage: Recieved heartbeat from orion03.cs.usfca.edu 
[182 IN] edu.usfca.cs.dfs.Controller.onMessage onMessage: Recieved heartbeat from orion04.cs.usfca.edu 
[183 IN] edu.usfca.cs.dfs.Controller.onMessage onMessage: Recieved heartbeat from orion02.cs.usfca.edu 
[184 IN] edu.usfca.cs.dfs.Controller.onMessage onMessage: Recieved heartbeat from orion03.cs.usfca.edu 
[185 IN] edu.usfca.cs.dfs.Controller.onMessage onMessage: Recieved heartbeat from orion04.cs.usfca.edu 
[186 IN] edu.usfca.cs.dfs.Controller.onMessage onMessage: Recieved heartbeat from orion02.cs.usfca.edu 
[187 IN] edu.usfca.cs.dfs.Controller.onMessage onMessage: Recieved heartbeat from orion03.cs.usfca.edu 
[188 IN] edu.usfca.cs.dfs.Controller.onMessage onMessage: Recieved heartbeat from orion04.cs.usfca.edu 
[189 IN] edu.usfca.cs.dfs.Controller.onMessage onMessage: Recieved heartbeat from orion02.cs.usfca.edu 
[190 IN] edu.usfca.cs.dfs.Controller.onMessage onMessage: Recieved heartbeat from orion03.cs.usfca.edu 
[191 IN] edu.usfca.cs.dfs.Controller.onMessage onMessage: Recieved heartbeat from orion04.cs.usfca.edu 
[192 IN] edu.usfca.cs.dfs.Controller.onMessage onMessage: Recieved heartbeat from orion02.cs.usfca.edu 
[193 IN] edu.usfca.cs.dfs.Controller.onMessage onMessage: Recieved heartbeat from orion03.cs.usfca.edu 
[194 IN] edu.usfca.cs.dfs.Controller.onMessage onMessage: Recieved heartbeat from orion04.cs.usfca.edu 
[195 IN] edu.usfca.cs.dfs.Controller.onMessage onMessage: Recieved heartbeat from orion02.cs.usfca.edu 
[196 IN] edu.usfca.cs.dfs.Controller.onMessage onMessage: Recieved heartbeat from orion03.cs.usfca.edu 
[197 IN] edu.usfca.cs.dfs.Controller.onMessage onMessage: Recieved heartbeat from orion04.cs.usfca.edu 
[198 IN] edu.usfca.cs.dfs.Controller.onMessage onMessage: Recieved heartbeat from orion02.cs.usfca.edu 
[199 IN] edu.usfca.cs.dfs.Controller.onMessage onMessage: Recieved heartbeat from orion03.cs.usfca.edu 
[200 IN] edu.usfca.cs.dfs.Controller.onMessage onMessage: Recieved heartbeat from orion04.cs.usfca.edu 
[201 IN] edu.usfca.cs.dfs.Controller.onMessage onMessage: Recieved heartbeat from orion02.cs.usfca.edu 
[202 IN] edu.usfca.cs.dfs.Controller.onMessage onMessage: Recieved heartbeat from orion03.cs.usfca.edu 
[203 IN] edu.usfca.cs.dfs.Controller.onMessage onMessage: Recieved heartbeat from orion04.cs.usfca.edu 
[204 IN] edu.usfca.cs.dfs.Controller.onMessage onMessage: Recieved heartbeat from orion02.cs.usfca.edu 
[205 IN] edu.usfca.cs.dfs.Controller.onMessage onMessage: Recieved heartbeat from orion03.cs.usfca.edu 
[206 IN] edu.usfca.cs.dfs.Controller.onMessage onMessage: Recieved heartbeat from orion04.cs.usfca.edu 
[207 IN] edu.usfca.cs.dfs.Controller.onMessage onMessage: Recieved heartbeat from orion02.cs.usfca.edu 
[208 IN] edu.usfca.cs.dfs.Controller.onMessage onMessage: Recieved heartbeat from orion03.cs.usfca.edu 
[209 IN] edu.usfca.cs.dfs.Controller.onMessage onMessage: Recieved heartbeat from orion04.cs.usfca.edu 
[210 IN] edu.usfca.cs.dfs.Controller.onMessage onMessage: Recieved heartbeat from orion02.cs.usfca.edu 
[211 IN] edu.usfca.cs.dfs.Controller.onMessage onMessage: Recieved heartbeat from orion03.cs.usfca.edu 
[212 IN] edu.usfca.cs.dfs.Controller.onMessage onMessage: Recieved heartbeat from orion04.cs.usfca.edu 
[213 IN] edu.usfca.cs.dfs.Controller.onMessage onMessage: Recieved heartbeat from orion02.cs.usfca.edu 
[214 IN] edu.usfca.cs.dfs.Controller.onMessage onMessage: Recieved heartbeat from orion03.cs.usfca.edu 
[215 IN] edu.usfca.cs.dfs.Controller.onMessage onMessage: Recieved heartbeat from orion04.cs.usfca.edu 
[216 IN] edu.usfca.cs.dfs.Controller.onMessage onMessage: Recieved heartbeat from orion02.cs.usfca.edu 
[217 IN] edu.usfca.cs.dfs.Controller.onMessage onMessage: Recieved heartbeat from orion03.cs.usfca.edu 
[218 IN] edu.usfca.cs.dfs.Controller.onMessage onMessage: Recieved heartbeat from orion04.cs.usfca.edu 
[219 IN] edu.usfca.cs.dfs.Controller.onMessage onMessage: Recieved heartbeat from orion02.cs.usfca.edu 
[220 IN] edu.usfca.cs.dfs.Controller.onMessage onMessage: Recieved heartbeat from orion03.cs.usfca.edu 
[221 IN] edu.usfca.cs.dfs.Controller.onMessage onMessage: Recieved heartbeat from orion04.cs.usfca.edu 
[222 IN] edu.usfca.cs.dfs.Controller.onMessage onMessage: Recieved heartbeat from orion02.cs.usfca.edu 
[223 IN] edu.usfca.cs.dfs.Controller.onMessage onMessage: Recieved heartbeat from orion03.cs.usfca.edu 
[224 IN] edu.usfca.cs.dfs.Controller.onMessage onMessage: Recieved heartbeat from orion04.cs.usfca.edu 
[225 IN] edu.usfca.cs.dfs.Controller.onMessage onMessage: Recieved heartbeat from orion02.cs.usfca.edu 
[226 IN] edu.usfca.cs.dfs.Controller.onMessage onMessage: Recieved heartbeat from orion03.cs.usfca.edu 
[227 IN] edu.usfca.cs.dfs.Controller.onMessage onMessage: Recieved heartbeat from orion04.cs.usfca.edu 
[228 IN] edu.usfca.cs.dfs.Controller.onMessage onMessage: Recieved heartbeat from orion02.cs.usfca.edu 
[229 IN] edu.usfca.cs.dfs.Controller.onMessage onMessage: Recieved heartbeat from orion03.cs.usfca.edu 
[230 IN] edu.usfca.cs.dfs.Controller.onMessage onMessage: Recieved heartbeat from orion04.cs.usfca.edu 
[231 IN] edu.usfca.cs.dfs.Controller.onMessage onMessage: Recieved heartbeat from orion02.cs.usfca.edu 
[232 IN] edu.usfca.cs.dfs.Controller.onMessage onMessage: Recieved heartbeat from orion03.cs.usfca.edu 
[233 IN] edu.usfca.cs.dfs.Controller.onMessage onMessage: Recieved heartbeat from orion04.cs.usfca.edu 
[234 IN] edu.usfca.cs.dfs.Controller.onMessage onMessage: Recieved heartbeat from orion02.cs.usfca.edu 
[235 IN] edu.usfca.cs.dfs.Controller.onMessage onMessage: Recieved heartbeat from orion03.cs.usfca.edu 
[236 IN] edu.usfca.cs.dfs.Controller.onMessage onMessage: Recieved heartbeat from orion04.cs.usfca.edu 
[237 IN] edu.usfca.cs.dfs.Controller.onMessage onMessage: Recieved heartbeat from orion02.cs.usfca.edu 
[238 IN] edu.usfca.cs.dfs.Controller.onMessage onMessage: Recieved heartbeat from orion03.cs.usfca.edu 
[239 IN] edu.usfca.cs.dfs.Controller.onMessage onMessage: Recieved heartbeat from orion04.cs.usfca.edu 
[240 IN] edu.usfca.cs.dfs.Controller.onMessage onMessage: Recieved heartbeat from orion03.cs.usfca.edu 
[241 IN] edu.usfca.cs.dfs.Controller.onMessage onMessage: Recieved heartbeat from orion04.cs.usfca.edu 
[242 IN] edu.usfca.cs.dfs.Controller$HeartBeatChecker.run run: Detected failure on node: orion02.cs.usfca.edu 
[1 IN] edu.usfca.cs.dfs.Controller.onMessage onMessage: Recieved join request from orion02.cs.usfca.edu 
[2 IN] edu.usfca.cs.dfs.Controller.onMessage onMessage: Recieved heartbeat from orion02.cs.usfca.edu 
[3 IN] edu.usfca.cs.dfs.Controller.onMessage onMessage: Recieved join request from orion03.cs.usfca.edu 
[4 IN] edu.usfca.cs.dfs.Controller.onMessage onMessage: Recieved heartbeat from orion03.cs.usfca.edu 
[5 IN] edu.usfca.cs.dfs.Controller.onMessage onMessage: Recieved heartbeat from orion02.cs.usfca.edu 
[6 IN] edu.usfca.cs.dfs.Controller.onMessage onMessage: Recieved heartbeat from orion03.cs.usfca.edu 
[7 IN] edu.usfca.cs.dfs.Controller.onMessage onMessage: Recieved heartbeat from orion02.cs.usfca.edu 
[8 IN] edu.usfca.cs.dfs.Controller.onMessage onMessage: Recieved heartbeat from orion03.cs.usfca.edu 
[9 IN] edu.usfca.cs.dfs.Controller.onMessage onMessage: Recieved heartbeat from orion02.cs.usfca.edu 
[10 IN] edu.usfca.cs.dfs.Controller.onMessage onMessage: Recieved heartbeat from orion03.cs.usfca.edu 
[11 IN] edu.usfca.cs.dfs.Controller.onMessage onMessage: Recieved heartbeat from orion02.cs.usfca.edu 
[12 IN] edu.usfca.cs.dfs.Controller.onMessage onMessage: Recieved heartbeat from orion03.cs.usfca.edu 
[13 IN] edu.usfca.cs.dfs.Controller.onMessage onMessage: Recieved heartbeat from orion02.cs.usfca.edu 
[14 IN] edu.usfca.cs.dfs.Controller.onMessage onMessage: Recieved heartbeat from orion03.cs.usfca.edu 
[15 IN] edu.usfca.cs.dfs.Controller.onMessage onMessage: Recieved heartbeat from orion02.cs.usfca.edu 
[16 IN] edu.usfca.cs.dfs.Controller.onMessage onMessage: Recieved heartbeat from orion03.cs.usfca.edu 
[17 IN] edu.usfca.cs.dfs.Controller.onMessage onMessage: Recieved heartbeat from orion02.cs.usfca.edu 
[18 IN] edu.usfca.cs.dfs.Controller.onMessage onMessage: Recieved heartbeat from orion03.cs.usfca.edu 
[19 IN] edu.usfca.cs.dfs.Controller.onMessage onMessage: Recieved heartbeat from orion02.cs.usfca.edu 
[20 IN] edu.usfca.cs.dfs.Controller.onMessage onMessage: Recieved heartbeat from orion03.cs.usfca.edu 
[21 IN] edu.usfca.cs.dfs.Controller.onMessage onMessage: Recieved heartbeat from orion02.cs.usfca.edu 
[22 IN] edu.usfca.cs.dfs.Controller.onMessage onMessage: Recieved heartbeat from orion03.cs.usfca.edu 
[23 IN] edu.usfca.cs.dfs.Controller.onMessage onMessage: Recieved heartbeat from orion02.cs.usfca.edu 
[24 IN] edu.usfca.cs.dfs.Controller.onMessage onMessage: Recieved heartbeat from orion03.cs.usfca.edu 
[25 IN] edu.usfca.cs.dfs.Controller$HeartBeatChecker.run run: Detected failure on node: orion02.cs.usfca.edu 
[26 IN] edu.usfca.cs.dfs.Controller$HeartBeatChecker.run run: Detected failure on node: orion03.cs.usfca.edu 
[27 IN] edu.usfca.cs.dfs.Controller.onMessage onMessage: Recieved join request from orion04.cs.usfca.edu 
[28 IN] edu.usfca.cs.dfs.Controller.onMessage onMessage: Recieved heartbeat from orion04.cs.usfca.edu 
[29 IN] edu.usfca.cs.dfs.Controller.onMessage onMessage: Recieved join request from orion03.cs.usfca.edu 
[30 IN] edu.usfca.cs.dfs.Controller.onMessage onMessage: Recieved heartbeat from orion03.cs.usfca.edu 
[31 IN] edu.usfca.cs.dfs.Controller.onMessage onMessage: Recieved heartbeat from orion04.cs.usfca.edu 
[32 IN] edu.usfca.cs.dfs.Controller.onMessage onMessage: Recieved join request from orion02.cs.usfca.edu 
[33 IN] edu.usfca.cs.dfs.Controller.onMessage onMessage: Recieved heartbeat from orion02.cs.usfca.edu 
[34 IN] edu.usfca.cs.dfs.Controller.onMessage onMessage: Recieved heartbeat from orion03.cs.usfca.edu 
[35 IN] edu.usfca.cs.dfs.Controller.onMessage onMessage: Recieved heartbeat from orion04.cs.usfca.edu 
[36 IN] edu.usfca.cs.dfs.Controller.onMessage onMessage: Recieved heartbeat from orion02.cs.usfca.edu 
[37 IN] edu.usfca.cs.dfs.Controller.onMessage onMessage: Recieved heartbeat from orion03.cs.usfca.edu 
[38 IN] edu.usfca.cs.dfs.Controller.onMessage onMessage: Recieved heartbeat from orion04.cs.usfca.edu 
[39 IN] edu.usfca.cs.dfs.Controller.onMessage onMessage: Recieved heartbeat from orion02.cs.usfca.edu 
[40 IN] edu.usfca.cs.dfs.Controller.onMessage onMessage: Recieved heartbeat from orion03.cs.usfca.edu 
[41 IN] edu.usfca.cs.dfs.Controller.onMessage onMessage: Recieved heartbeat from orion04.cs.usfca.edu 
[42 IN] edu.usfca.cs.dfs.Controller.onMessage onMessage: Recieved heartbeat from orion02.cs.usfca.edu 
[43 IN] edu.usfca.cs.dfs.Controller.onMessage onMessage: Recieved heartbeat from orion03.cs.usfca.edu 
[44 IN] edu.usfca.cs.dfs.Controller.onMessage onMessage: Recieved heartbeat from orion04.cs.usfca.edu 
[45 IN] edu.usfca.cs.dfs.Controller.onMessage onMessage: Recieved heartbeat from orion02.cs.usfca.edu 
[46 IN] edu.usfca.cs.dfs.Controller.onMessage onMessage: Recieved heartbeat from orion03.cs.usfca.edu 
[47 IN] edu.usfca.cs.dfs.Controller.onMessage onMessage: Recieved heartbeat from orion04.cs.usfca.edu 
[48 IN] edu.usfca.cs.dfs.Controller.onMessage onMessage: Recieved heartbeat from orion02.cs.usfca.edu 
[49 IN] edu.usfca.cs.dfs.Controller.onMessage onMessage: Recieved heartbeat from orion03.cs.usfca.edu 
[50 IN] edu.usfca.cs.dfs.Controller.onMessage onMessage: Recieved heartbeat from orion04.cs.usfca.edu 
[51 IN] edu.usfca.cs.dfs.Controller.onMessage onMessage: Recieved heartbeat from orion02.cs.usfca.edu 
[52 IN] edu.usfca.cs.dfs.Controller.onMessage onMessage: Recieved heartbeat from orion03.cs.usfca.edu 
[53 IN] edu.usfca.cs.dfs.Controller.onMessage onMessage: Recieved heartbeat from orion04.cs.usfca.edu 
[54 IN] edu.usfca.cs.dfs.Controller.onMessage onMessage: Recieved heartbeat from orion02.cs.usfca.edu 
[55 IN] edu.usfca.cs.dfs.Controller.onMessage onMessage: Recieved heartbeat from orion03.cs.usfca.edu 
[56 IN] edu.usfca.cs.dfs.Controller.onMessage onMessage: Recieved heartbeat from orion04.cs.usfca.edu 
[57 IN] edu.usfca.cs.dfs.Controller.onMessage onMessage: Recieved heartbeat from orion02.cs.usfca.edu 
[58 IN] edu.usfca.cs.dfs.Controller.onMessage onMessage: Recieved heartbeat from orion03.cs.usfca.edu 
[59 IN] edu.usfca.cs.dfs.Controller.onMessage onMessage: Recieved heartbeat from orion04.cs.usfca.edu 
[60 IN] edu.usfca.cs.dfs.Controller.onMessage onMessage: Recieved heartbeat from orion02.cs.usfca.edu 
[61 IN] edu.usfca.cs.dfs.Controller.onMessage onMessage: Recieved heartbeat from orion03.cs.usfca.edu 
[62 IN] edu.usfca.cs.dfs.Controller.onMessage onMessage: Recieved heartbeat from orion04.cs.usfca.edu 
[63 IN] edu.usfca.cs.dfs.Controller.onMessage onMessage: Recieved heartbeat from orion02.cs.usfca.edu 
[64 IN] edu.usfca.cs.dfs.Controller.onMessage onMessage: Recieved heartbeat from orion03.cs.usfca.edu 
[65 IN] edu.usfca.cs.dfs.Controller.onMessage onMessage: Recieved heartbeat from orion04.cs.usfca.edu 
[66 IN] edu.usfca.cs.dfs.Controller.onMessage onMessage: Recieved heartbeat from orion02.cs.usfca.edu 
[67 IN] edu.usfca.cs.dfs.Controller$HeartBeatChecker.run run: Detected failure on node: orion04.cs.usfca.edu 
[68 IN] edu.usfca.cs.dfs.Controller$HeartBeatChecker.run run: Detected failure on node: orion02.cs.usfca.edu 
[69 IN] edu.usfca.cs.dfs.Controller$HeartBeatChecker.run run: Detected failure on node: orion03.cs.usfca.edu 
[70 IN] edu.usfca.cs.dfs.Controller.onMessage onMessage: Recieved join request from orion02.cs.usfca.edu 
[71 IN] edu.usfca.cs.dfs.Controller.onMessage onMessage: Recieved heartbeat from orion02.cs.usfca.edu 
[72 IN] edu.usfca.cs.dfs.Controller.onMessage onMessage: Recieved heartbeat from orion02.cs.usfca.edu 
[73 IN] edu.usfca.cs.dfs.Controller.onMessage onMessage: Recieved join request from orion03.cs.usfca.edu 
[74 IN] edu.usfca.cs.dfs.Controller.onMessage onMessage: Recieved heartbeat from orion03.cs.usfca.edu 
[75 IN] edu.usfca.cs.dfs.Controller.onMessage onMessage: Recieved heartbeat from orion02.cs.usfca.edu 
[76 IN] edu.usfca.cs.dfs.Controller.onMessage onMessage: Recieved heartbeat from orion03.cs.usfca.edu 
[77 IN] edu.usfca.cs.dfs.Controller.onMessage onMessage: Recieved join request from orion04.cs.usfca.edu 
[78 IN] edu.usfca.cs.dfs.Controller.onMessage onMessage: Recieved heartbeat from orion04.cs.usfca.edu 
[79 IN] edu.usfca.cs.dfs.Controller.onMessage onMessage: Recieved heartbeat from orion02.cs.usfca.edu 
[80 IN] edu.usfca.cs.dfs.Controller.onMessage onMessage: Recieved heartbeat from orion03.cs.usfca.edu 
[81 IN] edu.usfca.cs.dfs.Controller.onMessage onMessage: Recieved heartbeat from orion04.cs.usfca.edu 
[82 IN] edu.usfca.cs.dfs.Controller.onMessage onMessage: Recieved heartbeat from orion02.cs.usfca.edu 
[83 IN] edu.usfca.cs.dfs.Controller.onMessage onMessage: Recieved heartbeat from orion03.cs.usfca.edu 
[84 IN] edu.usfca.cs.dfs.Controller.onMessage onMessage: Recieved heartbeat from orion04.cs.usfca.edu 
[85 IN] edu.usfca.cs.dfs.Controller.onMessage onMessage: Recieved heartbeat from orion02.cs.usfca.edu 
[86 IN] edu.usfca.cs.dfs.Controller.onMessage onMessage: Recieved heartbeat from orion03.cs.usfca.edu 
[87 IN] edu.usfca.cs.dfs.Controller.onMessage onMessage: Recieved heartbeat from orion04.cs.usfca.edu 
[88 IN] edu.usfca.cs.dfs.Controller.onMessage onMessage: Recieved heartbeat from orion02.cs.usfca.edu 
[89 IN] edu.usfca.cs.dfs.Controller.onMessage onMessage: Recieved heartbeat from orion03.cs.usfca.edu 
[90 IN] edu.usfca.cs.dfs.Controller.onMessage onMessage: Recieved heartbeat from orion04.cs.usfca.edu 
[91 IN] edu.usfca.cs.dfs.Controller.onMessage onMessage: Recieved heartbeat from orion02.cs.usfca.edu 
[92 IN] edu.usfca.cs.dfs.Controller.onMessage onMessage: Recieved heartbeat from orion03.cs.usfca.edu 
[93 IN] edu.usfca.cs.dfs.Controller.onMessage onMessage: Recieved heartbeat from orion04.cs.usfca.edu 
[94 IN] edu.usfca.cs.dfs.Controller.onMessage onMessage: Approving request to put file on orion02.cs.usfca.edu from client.This SN has processed 1 requests. 
[95 IN] edu.usfca.cs.dfs.Controller.onMessage onMessage: Replicating to orion04.cs.usfca.edu and orion03.cs.usfca.edu 
[96 IN] edu.usfca.cs.dfs.Controller.onMessage onMessage: Recieved heartbeat from orion02.cs.usfca.edu 
[97 IN] edu.usfca.cs.dfs.Controller.onMessage onMessage: Recieved heartbeat from orion03.cs.usfca.edu 
[98 IN] edu.usfca.cs.dfs.Controller.onMessage onMessage: Recieved heartbeat from orion04.cs.usfca.edu 
[99 IN] edu.usfca.cs.dfs.Controller.onMessage onMessage: Recieved heartbeat from orion02.cs.usfca.edu 
[100 IN] edu.usfca.cs.dfs.Controller.onMessage onMessage: Recieved heartbeat from orion03.cs.usfca.edu 
[101 IN] edu.usfca.cs.dfs.Controller.onMessage onMessage: Recieved heartbeat from orion04.cs.usfca.edu 
[102 IN] edu.usfca.cs.dfs.Controller.onMessage onMessage: Recieved heartbeat from orion02.cs.usfca.edu 
[103 IN] edu.usfca.cs.dfs.Controller.onMessage onMessage: Recieved heartbeat from orion03.cs.usfca.edu 
[104 IN] edu.usfca.cs.dfs.Controller.onMessage onMessage: Recieved heartbeat from orion04.cs.usfca.edu 
[105 IN] edu.usfca.cs.dfs.Controller.onMessage onMessage: Recieved heartbeat from orion02.cs.usfca.edu 
[106 IN] edu.usfca.cs.dfs.Controller.onMessage onMessage: Recieved heartbeat from orion03.cs.usfca.edu 
[107 IN] edu.usfca.cs.dfs.Controller.onMessage onMessage: Recieved heartbeat from orion04.cs.usfca.edu 
[108 IN] edu.usfca.cs.dfs.Controller.onMessage onMessage: Recieved heartbeat from orion02.cs.usfca.edu 
[109 IN] edu.usfca.cs.dfs.Controller.onMessage onMessage: Recieved heartbeat from orion03.cs.usfca.edu 
[110 IN] edu.usfca.cs.dfs.Controller.onMessage onMessage: Recieved heartbeat from orion04.cs.usfca.edu 
[111 IN] edu.usfca.cs.dfs.Controller.onMessage onMessage: Recieved heartbeat from orion02.cs.usfca.edu 
[112 IN] edu.usfca.cs.dfs.Controller.onMessage onMessage: Recieved heartbeat from orion03.cs.usfca.edu 
[113 IN] edu.usfca.cs.dfs.Controller.onMessage onMessage: Recieved heartbeat from orion04.cs.usfca.edu 
[114 IN] edu.usfca.cs.dfs.Controller.onMessage onMessage: Recieved heartbeat from orion02.cs.usfca.edu 
[115 IN] edu.usfca.cs.dfs.Controller.onMessage onMessage: Recieved heartbeat from orion03.cs.usfca.edu 
[116 IN] edu.usfca.cs.dfs.Controller.onMessage onMessage: Recieved heartbeat from orion04.cs.usfca.edu 
[117 IN] edu.usfca.cs.dfs.Controller.onMessage onMessage: Recieved heartbeat from orion02.cs.usfca.edu 
[118 IN] edu.usfca.cs.dfs.Controller.onMessage onMessage: Recieved heartbeat from orion03.cs.usfca.edu 
[119 IN] edu.usfca.cs.dfs.Controller.onMessage onMessage: Recieved heartbeat from orion04.cs.usfca.edu 
[120 IN] edu.usfca.cs.dfs.Controller.onMessage onMessage: Recieved heartbeat from orion02.cs.usfca.edu 
[121 IN] edu.usfca.cs.dfs.Controller.onMessage onMessage: Recieved heartbeat from orion03.cs.usfca.edu 
[122 IN] edu.usfca.cs.dfs.Controller.onMessage onMessage: Recieved heartbeat from orion04.cs.usfca.edu 
[123 IN] edu.usfca.cs.dfs.Controller.onMessage onMessage: Recieved heartbeat from orion02.cs.usfca.edu 
[124 IN] edu.usfca.cs.dfs.Controller.onMessage onMessage: Recieved heartbeat from orion03.cs.usfca.edu 
[125 IN] edu.usfca.cs.dfs.Controller.onMessage onMessage: Recieved heartbeat from orion04.cs.usfca.edu 
[126 IN] edu.usfca.cs.dfs.Controller.onMessage onMessage: Recieved heartbeat from orion02.cs.usfca.edu 
[127 IN] edu.usfca.cs.dfs.Controller.onMessage onMessage: Recieved heartbeat from orion03.cs.usfca.edu 
[128 IN] edu.usfca.cs.dfs.Controller.onMessage onMessage: Recieved heartbeat from orion04.cs.usfca.edu 
[129 IN] edu.usfca.cs.dfs.Controller.onMessage onMessage: Recieved heartbeat from orion02.cs.usfca.edu 
[130 IN] edu.usfca.cs.dfs.Controller.onMessage onMessage: Recieved heartbeat from orion03.cs.usfca.edu 
[131 IN] edu.usfca.cs.dfs.Controller.onMessage onMessage: Recieved heartbeat from orion04.cs.usfca.edu 
[132 IN] edu.usfca.cs.dfs.Controller.onMessage onMessage: Recieved heartbeat from orion02.cs.usfca.edu 
[133 IN] edu.usfca.cs.dfs.Controller.onMessage onMessage: Recieved heartbeat from orion03.cs.usfca.edu 
[134 IN] edu.usfca.cs.dfs.Controller.onMessage onMessage: Recieved heartbeat from orion04.cs.usfca.edu 
[135 IN] edu.usfca.cs.dfs.Controller.onMessage onMessage: Recieved heartbeat from orion02.cs.usfca.edu 
[136 IN] edu.usfca.cs.dfs.Controller.onMessage onMessage: Recieved heartbeat from orion03.cs.usfca.edu 
[137 IN] edu.usfca.cs.dfs.Controller.onMessage onMessage: Recieved heartbeat from orion04.cs.usfca.edu 
[138 IN] edu.usfca.cs.dfs.Controller.onMessage onMessage: Recieved heartbeat from orion02.cs.usfca.edu 
[139 IN] edu.usfca.cs.dfs.Controller.onMessage onMessage: Recieved heartbeat from orion03.cs.usfca.edu 
[140 IN] edu.usfca.cs.dfs.Controller.onMessage onMessage: Recieved heartbeat from orion04.cs.usfca.edu 
[141 IN] edu.usfca.cs.dfs.Controller.onMessage onMessage: Recieved heartbeat from orion02.cs.usfca.edu 
[142 IN] edu.usfca.cs.dfs.Controller.onMessage onMessage: Recieved heartbeat from orion03.cs.usfca.edu 
[143 IN] edu.usfca.cs.dfs.Controller.onMessage onMessage: Recieved heartbeat from orion04.cs.usfca.edu 
[144 IN] edu.usfca.cs.dfs.Controller.onMessage onMessage: Possible hosts for file: openmpi-3.1.1.tar.gz ---> orion02.cs.usfca.edu 
[145 IN] edu.usfca.cs.dfs.Controller.onMessage onMessage: Recieved heartbeat from orion02.cs.usfca.edu 
[146 IN] edu.usfca.cs.dfs.Controller.onMessage onMessage: Recieved heartbeat from orion03.cs.usfca.edu 
[147 IN] edu.usfca.cs.dfs.Controller.onMessage onMessage: Recieved heartbeat from orion04.cs.usfca.edu 
[148 IN] edu.usfca.cs.dfs.Controller.onMessage onMessage: Recieved heartbeat from orion02.cs.usfca.edu 
[149 IN] edu.usfca.cs.dfs.Controller.onMessage onMessage: Recieved heartbeat from orion03.cs.usfca.edu 
[150 IN] edu.usfca.cs.dfs.Controller.onMessage onMessage: Recieved heartbeat from orion04.cs.usfca.edu 
[151 IN] edu.usfca.cs.dfs.Controller.onMessage onMessage: Recieved heartbeat from orion02.cs.usfca.edu 
[152 IN] edu.usfca.cs.dfs.Controller.onMessage onMessage: Recieved heartbeat from orion03.cs.usfca.edu 
[153 IN] edu.usfca.cs.dfs.Controller.onMessage onMessage: Recieved heartbeat from orion04.cs.usfca.edu 
[154 IN] edu.usfca.cs.dfs.Controller.onMessage onMessage: Recieved heartbeat from orion02.cs.usfca.edu 
[155 IN] edu.usfca.cs.dfs.Controller.onMessage onMessage: Recieved heartbeat from orion03.cs.usfca.edu 
[156 IN] edu.usfca.cs.dfs.Controller.onMessage onMessage: Recieved heartbeat from orion04.cs.usfca.edu 
[157 IN] edu.usfca.cs.dfs.Controller.onMessage onMessage: Recieved heartbeat from orion02.cs.usfca.edu 
[158 IN] edu.usfca.cs.dfs.Controller.onMessage onMessage: Recieved heartbeat from orion03.cs.usfca.edu 
[159 IN] edu.usfca.cs.dfs.Controller.onMessage onMessage: Recieved heartbeat from orion04.cs.usfca.edu 
[160 IN] edu.usfca.cs.dfs.Controller.onMessage onMessage: Recieved heartbeat from orion02.cs.usfca.edu 
[161 IN] edu.usfca.cs.dfs.Controller.onMessage onMessage: Recieved heartbeat from orion03.cs.usfca.edu 
[162 IN] edu.usfca.cs.dfs.Controller.onMessage onMessage: Recieved heartbeat from orion04.cs.usfca.edu 
[163 IN] edu.usfca.cs.dfs.Controller.onMessage onMessage: Recieved heartbeat from orion02.cs.usfca.edu 
[164 IN] edu.usfca.cs.dfs.Controller.onMessage onMessage: Recieved heartbeat from orion03.cs.usfca.edu 
[165 IN] edu.usfca.cs.dfs.Controller.onMessage onMessage: Recieved heartbeat from orion04.cs.usfca.edu 
[166 IN] edu.usfca.cs.dfs.Controller.onMessage onMessage: Recieved heartbeat from orion02.cs.usfca.edu 
[167 IN] edu.usfca.cs.dfs.Controller.onMessage onMessage: Recieved heartbeat from orion03.cs.usfca.edu 
[168 IN] edu.usfca.cs.dfs.Controller.onMessage onMessage: Recieved heartbeat from orion04.cs.usfca.edu 
[169 IN] edu.usfca.cs.dfs.Controller.onMessage onMessage: Recieved heartbeat from orion02.cs.usfca.edu 
[170 IN] edu.usfca.cs.dfs.Controller.onMessage onMessage: Recieved heartbeat from orion03.cs.usfca.edu 
[171 IN] edu.usfca.cs.dfs.Controller.onMessage onMessage: Recieved heartbeat from orion04.cs.usfca.edu 
[172 IN] edu.usfca.cs.dfs.Controller.onMessage onMessage: Recieved heartbeat from orion02.cs.usfca.edu 
[173 IN] edu.usfca.cs.dfs.Controller.onMessage onMessage: Recieved heartbeat from orion03.cs.usfca.edu 
[174 IN] edu.usfca.cs.dfs.Controller.onMessage onMessage: Recieved heartbeat from orion04.cs.usfca.edu 
[175 IN] edu.usfca.cs.dfs.Controller.onMessage onMessage: Recieved heartbeat from orion02.cs.usfca.edu 
[176 IN] edu.usfca.cs.dfs.Controller.onMessage onMessage: Recieved heartbeat from orion03.cs.usfca.edu 
[177 IN] edu.usfca.cs.dfs.Controller.onMessage onMessage: Recieved heartbeat from orion04.cs.usfca.edu 
[178 IN] edu.usfca.cs.dfs.Controller.onMessage onMessage: Recieved heartbeat from orion02.cs.usfca.edu 
[179 IN] edu.usfca.cs.dfs.Controller.onMessage onMessage: Recieved heartbeat from orion03.cs.usfca.edu 
[180 IN] edu.usfca.cs.dfs.Controller.onMessage onMessage: Recieved heartbeat from orion04.cs.usfca.edu 
[181 IN] edu.usfca.cs.dfs.Controller.onMessage onMessage: Recieved heartbeat from orion02.cs.usfca.edu 
[182 IN] edu.usfca.cs.dfs.Controller.onMessage onMessage: Recieved heartbeat from orion03.cs.usfca.edu 
[183 IN] edu.usfca.cs.dfs.Controller.onMessage onMessage: Recieved heartbeat from orion04.cs.usfca.edu 
[184 IN] edu.usfca.cs.dfs.Controller.onMessage onMessage: Recieved heartbeat from orion02.cs.usfca.edu 
[185 IN] edu.usfca.cs.dfs.Controller.onMessage onMessage: Recieved heartbeat from orion03.cs.usfca.edu 
[186 IN] edu.usfca.cs.dfs.Controller.onMessage onMessage: Recieved heartbeat from orion04.cs.usfca.edu 
[187 IN] edu.usfca.cs.dfs.Controller.onMessage onMessage: Recieved heartbeat from orion02.cs.usfca.edu 
[188 IN] edu.usfca.cs.dfs.Controller.onMessage onMessage: Recieved heartbeat from orion03.cs.usfca.edu 
[189 IN] edu.usfca.cs.dfs.Controller.onMessage onMessage: Recieved heartbeat from orion04.cs.usfca.edu 
[190 IN] edu.usfca.cs.dfs.Controller.onMessage onMessage: Recieved heartbeat from orion02.cs.usfca.edu 
[191 IN] edu.usfca.cs.dfs.Controller.onMessage onMessage: Recieved heartbeat from orion03.cs.usfca.edu 
[192 IN] edu.usfca.cs.dfs.Controller.onMessage onMessage: Recieved heartbeat from orion04.cs.usfca.edu 
[193 IN] edu.usfca.cs.dfs.Controller.onMessage onMessage: Recieved heartbeat from orion02.cs.usfca.edu 
[194 IN] edu.usfca.cs.dfs.Controller.onMessage onMessage: Recieved heartbeat from orion03.cs.usfca.edu 
[195 IN] edu.usfca.cs.dfs.Controller.onMessage onMessage: Recieved heartbeat from orion04.cs.usfca.edu 
[196 IN] edu.usfca.cs.dfs.Controller.onMessage onMessage: Recieved heartbeat from orion02.cs.usfca.edu 
[197 IN] edu.usfca.cs.dfs.Controller.onMessage onMessage: Recieved heartbeat from orion03.cs.usfca.edu 
[198 IN] edu.usfca.cs.dfs.Controller.onMessage onMessage: Recieved heartbeat from orion04.cs.usfca.edu 
[199 IN] edu.usfca.cs.dfs.Controller.onMessage onMessage: Recieved heartbeat from orion02.cs.usfca.edu 
[200 IN] edu.usfca.cs.dfs.Controller.onMessage onMessage: Recieved heartbeat from orion03.cs.usfca.edu 
[201 IN] edu.usfca.cs.dfs.Controller.onMessage onMessage: Recieved heartbeat from orion04.cs.usfca.edu 
[202 IN] edu.usfca.cs.dfs.Controller.onMessage onMessage: Recieved heartbeat from orion02.cs.usfca.edu 
[203 IN] edu.usfca.cs.dfs.Controller.onMessage onMessage: Recieved heartbeat from orion03.cs.usfca.edu 
[204 IN] edu.usfca.cs.dfs.Controller.onMessage onMessage: Recieved heartbeat from orion04.cs.usfca.edu 
[205 IN] edu.usfca.cs.dfs.Controller.onMessage onMessage: Recieved heartbeat from orion02.cs.usfca.edu 
[206 IN] edu.usfca.cs.dfs.Controller.onMessage onMessage: Recieved heartbeat from orion03.cs.usfca.edu 
[207 IN] edu.usfca.cs.dfs.Controller.onMessage onMessage: Recieved heartbeat from orion04.cs.usfca.edu 
[208 IN] edu.usfca.cs.dfs.Controller.onMessage onMessage: Recieved heartbeat from orion02.cs.usfca.edu 
[209 IN] edu.usfca.cs.dfs.Controller.onMessage onMessage: Recieved heartbeat from orion03.cs.usfca.edu 
[210 IN] edu.usfca.cs.dfs.Controller.onMessage onMessage: Recieved heartbeat from orion04.cs.usfca.edu 
[211 IN] edu.usfca.cs.dfs.Controller.onMessage onMessage: Recieved heartbeat from orion02.cs.usfca.edu 
[212 IN] edu.usfca.cs.dfs.Controller.onMessage onMessage: Recieved heartbeat from orion03.cs.usfca.edu 
[213 IN] edu.usfca.cs.dfs.Controller.onMessage onMessage: Recieved heartbeat from orion04.cs.usfca.edu 
[214 IN] edu.usfca.cs.dfs.Controller.onMessage onMessage: Recieved heartbeat from orion02.cs.usfca.edu 
[215 IN] edu.usfca.cs.dfs.Controller.onMessage onMessage: Recieved heartbeat from orion03.cs.usfca.edu 
[216 IN] edu.usfca.cs.dfs.Controller.onMessage onMessage: Recieved heartbeat from orion04.cs.usfca.edu 
[217 IN] edu.usfca.cs.dfs.Controller.onMessage onMessage: Recieved heartbeat from orion02.cs.usfca.edu 
[218 IN] edu.usfca.cs.dfs.Controller.onMessage onMessage: Recieved heartbeat from orion03.cs.usfca.edu 
[219 IN] edu.usfca.cs.dfs.Controller.onMessage onMessage: Recieved heartbeat from orion04.cs.usfca.edu 
[220 IN] edu.usfca.cs.dfs.Controller.onMessage onMessage: Recieved heartbeat from orion02.cs.usfca.edu 
[221 IN] edu.usfca.cs.dfs.Controller.onMessage onMessage: Recieved heartbeat from orion03.cs.usfca.edu 
[222 IN] edu.usfca.cs.dfs.Controller.onMessage onMessage: Recieved heartbeat from orion04.cs.usfca.edu 
[223 IN] edu.usfca.cs.dfs.Controller.onMessage onMessage: Recieved heartbeat from orion02.cs.usfca.edu 
[224 IN] edu.usfca.cs.dfs.Controller.onMessage onMessage: Recieved heartbeat from orion03.cs.usfca.edu 
[225 IN] edu.usfca.cs.dfs.Controller.onMessage onMessage: Recieved heartbeat from orion04.cs.usfca.edu 
[226 IN] edu.usfca.cs.dfs.Controller.onMessage onMessage: Recieved heartbeat from orion02.cs.usfca.edu 
[227 IN] edu.usfca.cs.dfs.Controller.onMessage onMessage: Recieved heartbeat from orion03.cs.usfca.edu 
[228 IN] edu.usfca.cs.dfs.Controller.onMessage onMessage: Recieved heartbeat from orion04.cs.usfca.edu 
[229 IN] edu.usfca.cs.dfs.Controller.onMessage onMessage: Recieved heartbeat from orion02.cs.usfca.edu 
[230 IN] edu.usfca.cs.dfs.Controller.onMessage onMessage: Recieved heartbeat from orion03.cs.usfca.edu 
[231 IN] edu.usfca.cs.dfs.Controller.onMessage onMessage: Recieved heartbeat from orion04.cs.usfca.edu 
[232 IN] edu.usfca.cs.dfs.Controller.onMessage onMessage: Recieved heartbeat from orion02.cs.usfca.edu 
[233 IN] edu.usfca.cs.dfs.Controller.onMessage onMessage: Recieved heartbeat from orion03.cs.usfca.edu 
[234 IN] edu.usfca.cs.dfs.Controller.onMessage onMessage: Recieved heartbeat from orion04.cs.usfca.edu 
[235 IN] edu.usfca.cs.dfs.Controller.onMessage onMessage: Recieved heartbeat from orion02.cs.usfca.edu 
[236 IN] edu.usfca.cs.dfs.Controller.onMessage onMessage: Recieved heartbeat from orion03.cs.usfca.edu 
[237 IN] edu.usfca.cs.dfs.Controller.onMessage onMessage: Recieved heartbeat from orion04.cs.usfca.edu 
[238 IN] edu.usfca.cs.dfs.Controller.onMessage onMessage: Recieved heartbeat from orion02.cs.usfca.edu 
[239 IN] edu.usfca.cs.dfs.Controller.onMessage onMessage: Recieved heartbeat from orion03.cs.usfca.edu 
[240 IN] edu.usfca.cs.dfs.Controller.onMessage onMessage: Recieved heartbeat from orion04.cs.usfca.edu 
[241 IN] edu.usfca.cs.dfs.Controller.onMessage onMessage: Recieved heartbeat from orion02.cs.usfca.edu 
[242 IN] edu.usfca.cs.dfs.Controller.onMessage onMessage: Recieved heartbeat from orion03.cs.usfca.edu 
[243 IN] edu.usfca.cs.dfs.Controller.onMessage onMessage: Recieved heartbeat from orion04.cs.usfca.edu 
[244 IN] edu.usfca.cs.dfs.Controller.onMessage onMessage: Recieved heartbeat from orion02.cs.usfca.edu 
[245 IN] edu.usfca.cs.dfs.Controller.onMessage onMessage: Recieved heartbeat from orion03.cs.usfca.edu 
[246 IN] edu.usfca.cs.dfs.Controller.onMessage onMessage: Recieved heartbeat from orion04.cs.usfca.edu 
[247 IN] edu.usfca.cs.dfs.Controller.onMessage onMessage: Recieved heartbeat from orion02.cs.usfca.edu 
[248 IN] edu.usfca.cs.dfs.Controller.onMessage onMessage: Recieved heartbeat from orion03.cs.usfca.edu 
[249 IN] edu.usfca.cs.dfs.Controller.onMessage onMessage: Recieved heartbeat from orion04.cs.usfca.edu 
[250 IN] edu.usfca.cs.dfs.Controller.onMessage onMessage: Recieved heartbeat from orion02.cs.usfca.edu 
[251 IN] edu.usfca.cs.dfs.Controller.onMessage onMessage: Recieved heartbeat from orion03.cs.usfca.edu 
[252 IN] edu.usfca.cs.dfs.Controller.onMessage onMessage: Recieved heartbeat from orion04.cs.usfca.edu 
[253 IN] edu.usfca.cs.dfs.Controller.onMessage onMessage: Recieved heartbeat from orion02.cs.usfca.edu 
[254 IN] edu.usfca.cs.dfs.Controller.onMessage onMessage: Recieved heartbeat from orion03.cs.usfca.edu 
[255 IN] edu.usfca.cs.dfs.Controller.onMessage onMessage: Recieved heartbeat from orion04.cs.usfca.edu 
[256 IN] edu.usfca.cs.dfs.Controller.onMessage onMessage: Recieved heartbeat from orion02.cs.usfca.edu 
[257 IN] edu.usfca.cs.dfs.Controller.onMessage onMessage: Recieved heartbeat from orion03.cs.usfca.edu 
[258 IN] edu.usfca.cs.dfs.Controller.onMessage onMessage: Recieved heartbeat from orion04.cs.usfca.edu 
[259 IN] edu.usfca.cs.dfs.Controller.onMessage onMessage: Recieved heartbeat from orion02.cs.usfca.edu 
[260 IN] edu.usfca.cs.dfs.Controller.onMessage onMessage: Recieved heartbeat from orion03.cs.usfca.edu 
[261 IN] edu.usfca.cs.dfs.Controller.onMessage onMessage: Recieved heartbeat from orion04.cs.usfca.edu 
[262 IN] edu.usfca.cs.dfs.Controller.onMessage onMessage: Recieved heartbeat from orion02.cs.usfca.edu 
[263 IN] edu.usfca.cs.dfs.Controller.onMessage onMessage: Recieved heartbeat from orion03.cs.usfca.edu 
[264 IN] edu.usfca.cs.dfs.Controller.onMessage onMessage: Recieved heartbeat from orion04.cs.usfca.edu 
[265 IN] edu.usfca.cs.dfs.Controller.onMessage onMessage: Recieved heartbeat from orion02.cs.usfca.edu 
[266 IN] edu.usfca.cs.dfs.Controller.onMessage onMessage: Recieved heartbeat from orion03.cs.usfca.edu 
[267 IN] edu.usfca.cs.dfs.Controller.onMessage onMessage: Recieved heartbeat from orion04.cs.usfca.edu 
[268 IN] edu.usfca.cs.dfs.Controller.onMessage onMessage: Recieved heartbeat from orion02.cs.usfca.edu 
[269 IN] edu.usfca.cs.dfs.Controller.onMessage onMessage: Recieved heartbeat from orion03.cs.usfca.edu 
[270 IN] edu.usfca.cs.dfs.Controller.onMessage onMessage: Recieved heartbeat from orion04.cs.usfca.edu 
[271 IN] edu.usfca.cs.dfs.Controller.onMessage onMessage: Recieved heartbeat from orion02.cs.usfca.edu 
[272 IN] edu.usfca.cs.dfs.Controller.onMessage onMessage: Recieved heartbeat from orion03.cs.usfca.edu 
[273 IN] edu.usfca.cs.dfs.Controller.onMessage onMessage: Recieved heartbeat from orion04.cs.usfca.edu 
[274 IN] edu.usfca.cs.dfs.Controller.onMessage onMessage: Recieved heartbeat from orion02.cs.usfca.edu 
[275 IN] edu.usfca.cs.dfs.Controller.onMessage onMessage: Recieved heartbeat from orion03.cs.usfca.edu 
[276 IN] edu.usfca.cs.dfs.Controller.onMessage onMessage: Recieved heartbeat from orion04.cs.usfca.edu 
[277 IN] edu.usfca.cs.dfs.Controller.onMessage onMessage: Recieved heartbeat from orion02.cs.usfca.edu 
[278 IN] edu.usfca.cs.dfs.Controller.onMessage onMessage: Recieved heartbeat from orion03.cs.usfca.edu 
[279 IN] edu.usfca.cs.dfs.Controller.onMessage onMessage: Recieved heartbeat from orion04.cs.usfca.edu 
[280 IN] edu.usfca.cs.dfs.Controller.onMessage onMessage: Recieved heartbeat from orion02.cs.usfca.edu 
[281 IN] edu.usfca.cs.dfs.Controller.onMessage onMessage: Recieved heartbeat from orion03.cs.usfca.edu 
[282 IN] edu.usfca.cs.dfs.Controller.onMessage onMessage: Recieved heartbeat from orion04.cs.usfca.edu 
[283 IN] edu.usfca.cs.dfs.Controller.onMessage onMessage: Recieved heartbeat from orion02.cs.usfca.edu 
[284 IN] edu.usfca.cs.dfs.Controller.onMessage onMessage: Recieved heartbeat from orion03.cs.usfca.edu 
[285 IN] edu.usfca.cs.dfs.Controller.onMessage onMessage: Recieved heartbeat from orion04.cs.usfca.edu 
[286 IN] edu.usfca.cs.dfs.Controller.onMessage onMessage: Recieved heartbeat from orion02.cs.usfca.edu 
[287 IN] edu.usfca.cs.dfs.Controller.onMessage onMessage: Recieved heartbeat from orion03.cs.usfca.edu 
[288 IN] edu.usfca.cs.dfs.Controller.onMessage onMessage: Recieved heartbeat from orion04.cs.usfca.edu 
[289 IN] edu.usfca.cs.dfs.Controller.onMessage onMessage: Recieved heartbeat from orion02.cs.usfca.edu 
[290 IN] edu.usfca.cs.dfs.Controller.onMessage onMessage: Recieved heartbeat from orion03.cs.usfca.edu 
[291 IN] edu.usfca.cs.dfs.Controller.onMessage onMessage: Recieved heartbeat from orion04.cs.usfca.edu 
[292 IN] edu.usfca.cs.dfs.Controller.onMessage onMessage: Recieved heartbeat from orion02.cs.usfca.edu 
[293 IN] edu.usfca.cs.dfs.Controller.onMessage onMessage: Recieved heartbeat from orion03.cs.usfca.edu 
[294 IN] edu.usfca.cs.dfs.Controller.onMessage onMessage: Recieved heartbeat from orion04.cs.usfca.edu 
[295 IN] edu.usfca.cs.dfs.Controller.onMessage onMessage: Recieved heartbeat from orion02.cs.usfca.edu 
[296 IN] edu.usfca.cs.dfs.Controller.onMessage onMessage: Recieved heartbeat from orion03.cs.usfca.edu 
[297 IN] edu.usfca.cs.dfs.Controller.onMessage onMessage: Recieved heartbeat from orion04.cs.usfca.edu 
[298 IN] edu.usfca.cs.dfs.Controller.onMessage onMessage: Recieved heartbeat from orion02.cs.usfca.edu 
[299 IN] edu.usfca.cs.dfs.Controller.onMessage onMessage: Recieved heartbeat from orion03.cs.usfca.edu 
[300 IN] edu.usfca.cs.dfs.Controller.onMessage onMessage: Recieved heartbeat from orion04.cs.usfca.edu 
[301 IN] edu.usfca.cs.dfs.Controller.onMessage onMessage: Recieved heartbeat from orion02.cs.usfca.edu 
[302 IN] edu.usfca.cs.dfs.Controller.onMessage onMessage: Recieved heartbeat from orion03.cs.usfca.edu 
[303 IN] edu.usfca.cs.dfs.Controller.onMessage onMessage: Recieved heartbeat from orion04.cs.usfca.edu 
[304 IN] edu.usfca.cs.dfs.Controller.onMessage onMessage: Recieved heartbeat from orion02.cs.usfca.edu 
[305 IN] edu.usfca.cs.dfs.Controller.onMessage onMessage: Recieved heartbeat from orion03.cs.usfca.edu 
[306 IN] edu.usfca.cs.dfs.Controller.onMessage onMessage: Recieved heartbeat from orion04.cs.usfca.edu 
[307 IN] edu.usfca.cs.dfs.Controller.onMessage onMessage: Recieved heartbeat from orion02.cs.usfca.edu 
[308 IN] edu.usfca.cs.dfs.Controller.onMessage onMessage: Recieved heartbeat from orion03.cs.usfca.edu 
[309 IN] edu.usfca.cs.dfs.Controller.onMessage onMessage: Recieved heartbeat from orion04.cs.usfca.edu 
[310 IN] edu.usfca.cs.dfs.Controller.onMessage onMessage: Possible hosts for file: openmpi-3.1.1.tar.gz ---> orion02.cs.usfca.edu 
[311 IN] edu.usfca.cs.dfs.Controller.onMessage onMessage: Recieved heartbeat from orion02.cs.usfca.edu 
[312 IN] edu.usfca.cs.dfs.Controller.onMessage onMessage: Recieved heartbeat from orion03.cs.usfca.edu 
[313 IN] edu.usfca.cs.dfs.Controller.onMessage onMessage: Recieved heartbeat from orion04.cs.usfca.edu 
[314 IN] edu.usfca.cs.dfs.Controller.onMessage onMessage: Recieved heartbeat from orion02.cs.usfca.edu 
[315 IN] edu.usfca.cs.dfs.Controller.onMessage onMessage: Recieved heartbeat from orion03.cs.usfca.edu 
[316 IN] edu.usfca.cs.dfs.Controller.onMessage onMessage: Recieved heartbeat from orion04.cs.usfca.edu 
[317 IN] edu.usfca.cs.dfs.Controller.onMessage onMessage: Recieved heartbeat from orion02.cs.usfca.edu 
[318 IN] edu.usfca.cs.dfs.Controller.onMessage onMessage: Recieved heartbeat from orion03.cs.usfca.edu 
[319 IN] edu.usfca.cs.dfs.Controller.onMessage onMessage: Recieved heartbeat from orion04.cs.usfca.edu 
[320 IN] edu.usfca.cs.dfs.Controller.onMessage onMessage: Recieved heartbeat from orion02.cs.usfca.edu 
[321 IN] edu.usfca.cs.dfs.Controller.onMessage onMessage: Recieved heartbeat from orion03.cs.usfca.edu 
[322 IN] edu.usfca.cs.dfs.Controller.onMessage onMessage: Recieved heartbeat from orion04.cs.usfca.edu 
[323 IN] edu.usfca.cs.dfs.Controller.onMessage onMessage: Recieved heartbeat from orion02.cs.usfca.edu 
[324 IN] edu.usfca.cs.dfs.Controller.onMessage onMessage: Recieved heartbeat from orion03.cs.usfca.edu 
[325 IN] edu.usfca.cs.dfs.Controller.onMessage onMessage: Recieved heartbeat from orion04.cs.usfca.edu 
[326 IN] edu.usfca.cs.dfs.Controller.onMessage onMessage: Recieved heartbeat from orion02.cs.usfca.edu 
[327 IN] edu.usfca.cs.dfs.Controller.onMessage onMessage: Recieved heartbeat from orion03.cs.usfca.edu 
[328 IN] edu.usfca.cs.dfs.Controller.onMessage onMessage: Recieved heartbeat from orion04.cs.usfca.edu 
[329 IN] edu.usfca.cs.dfs.Controller.onMessage onMessage: Recieved heartbeat from orion02.cs.usfca.edu 
[330 IN] edu.usfca.cs.dfs.Controller.onMessage onMessage: Recieved heartbeat from orion03.cs.usfca.edu 
[331 IN] edu.usfca.cs.dfs.Controller.onMessage onMessage: Recieved heartbeat from orion04.cs.usfca.edu 
[332 IN] edu.usfca.cs.dfs.Controller.onMessage onMessage: Recieved heartbeat from orion02.cs.usfca.edu 
[333 IN] edu.usfca.cs.dfs.Controller.onMessage onMessage: Recieved heartbeat from orion03.cs.usfca.edu 
[334 IN] edu.usfca.cs.dfs.Controller.onMessage onMessage: Recieved heartbeat from orion04.cs.usfca.edu 
[335 IN] edu.usfca.cs.dfs.Controller.onMessage onMessage: Recieved heartbeat from orion02.cs.usfca.edu 
[336 IN] edu.usfca.cs.dfs.Controller.onMessage onMessage: Recieved heartbeat from orion03.cs.usfca.edu 
[337 IN] edu.usfca.cs.dfs.Controller.onMessage onMessage: Recieved heartbeat from orion04.cs.usfca.edu 
[338 IN] edu.usfca.cs.dfs.Controller.onMessage onMessage: Recieved heartbeat from orion02.cs.usfca.edu 
[339 IN] edu.usfca.cs.dfs.Controller.onMessage onMessage: Recieved heartbeat from orion03.cs.usfca.edu 
[340 IN] edu.usfca.cs.dfs.Controller.onMessage onMessage: Recieved heartbeat from orion04.cs.usfca.edu 
[341 IN] edu.usfca.cs.dfs.Controller.onMessage onMessage: Recieved heartbeat from orion02.cs.usfca.edu 
[342 IN] edu.usfca.cs.dfs.Controller.onMessage onMessage: Recieved heartbeat from orion03.cs.usfca.edu 
[343 IN] edu.usfca.cs.dfs.Controller.onMessage onMessage: Recieved heartbeat from orion04.cs.usfca.edu 
[344 IN] edu.usfca.cs.dfs.Controller.onMessage onMessage: Recieved heartbeat from orion02.cs.usfca.edu 
